# JRE version: Java(TM) SE Runtime Environment (8.0_45-b14) (build 1.8.0_45-b14)
# Java VM: Java HotSpot(TM) 64-Bit Server VM (25.45-b02 mixed mode windows-amd64 compressed oops)
Heap:
 PSYoungGen      total 24064K, used 11468K [0x00000000e5580000, 0x00000000e7000000, 0x0000000100000000)
  eden space 20992K, 54% used [0x00000000e5580000,0x00000000e60b3168,0x00000000e6a00000)
  from space 3072K, 0% used [0x00000000e6d00000,0x00000000e6d00000,0x00000000e7000000)
  to   space 3072K, 0% used [0x00000000e6a00000,0x00000000e6a00000,0x00000000e6d00000)
 ParOldGen       total 34304K, used 8801K [0x00000000b0000000, 0x00000000b2180000, 0x00000000e5580000)
  object space 34304K, 25% used [0x00000000b0000000,0x00000000b0898640,0x00000000b2180000)
 Metaspace       used 25217K, capacity 26760K, committed 27136K, reserved 1073152K
  class space    used 3556K, capacity 3830K, committed 3840K, reserved 1048576K
GC Heap History (10 events):
Event: 1.664 GC heap before
{Heap before GC invocations=1 (full 0):
 PSYoungGen      total 24064K, used 20992K [0x00000000e5580000, 0x00000000e7000000, 0x0000000100000000)
  eden space 20992K, 100% used [0x00000000e5580000,0x00000000e6a00000,0x00000000e6a00000)
  from space 3072K, 0% used [0x00000000e6d00000,0x00000000e6d00000,0x00000000e7000000)
  to   space 3072K, 0% used [0x00000000e6a00000,0x00000000e6a00000,0x00000000e6d00000)
 ParOldGen       total 54784K, used 0K [0x00000000b0000000, 0x00000000b3580000, 0x00000000e5580000)
  object space 54784K, 0% used [0x00000000b0000000,0x00000000b0000000,0x00000000b3580000)
 Metaspace       used 10844K, capacity 11256K, committed 11264K, reserved 1058816K
  class space    used 1431K, capacity 1535K, committed 1536K, reserved 1048576K
Event: 1.677 GC heap after
Heap after GC invocations=1 (full 0):
 PSYoungGen      total 24064K, used 3056K [0x00000000e5580000, 0x00000000e7000000, 0x0000000100000000)
  eden space 20992K, 0% used [0x00000000e5580000,0x00000000e5580000,0x00000000e6a00000)
  from space 3072K, 99% used [0x00000000e6a00000,0x00000000e6cfc030,0x00000000e6d00000)
  to   space 3072K, 0% used [0x00000000e6d00000,0x00000000e6d00000,0x00000000e7000000)
 ParOldGen       total 54784K, used 334K [0x00000000b0000000, 0x00000000b3580000, 0x00000000e5580000)
  object space 54784K, 0% used [0x00000000b0000000,0x00000000b0053bf0,0x00000000b3580000)
 Metaspace       used 10844K, capacity 11256K, committed 11264K, reserved 1058816K
  class space    used 1431K, capacity 1535K, committed 1536K, reserved 1048576K
}
Event: 3.166 GC heap before
{Heap before GC invocations=2 (full 0):
 PSYoungGen      total 24064K, used 24048K [0x00000000e5580000, 0x00000000e7000000, 0x0000000100000000)
  eden space 20992K, 100% used [0x00000000e5580000,0x00000000e6a00000,0x00000000e6a00000)
  from space 3072K, 99% used [0x00000000e6a00000,0x00000000e6cfc030,0x00000000e6d00000)
  to   space 3072K, 0% used [0x00000000e6d00000,0x00000000e6d00000,0x00000000e7000000)
 ParOldGen       total 54784K, used 334K [0x00000000b0000000, 0x00000000b3580000, 0x00000000e5580000)
  object space 54784K, 0% used [0x00000000b0000000,0x00000000b0053bf0,0x00000000b3580000)
 Metaspace       used 16763K, capacity 17900K, committed 18176K, reserved 1064960K
  class space    used 2522K, capacity 2759K, committed 2816K, reserved 1048576K
Event: 3.190 GC heap after
Heap after GC invocations=2 (full 0):
 PSYoungGen      total 24064K, used 3056K [0x00000000e5580000, 0x00000000e8480000, 0x0000000100000000)
  eden space 20992K, 0% used [0x00000000e5580000,0x00000000e5580000,0x00000000e6a00000)
  from space 3072K, 99% used [0x00000000e6d00000,0x00000000e6ffc030,0x00000000e7000000)
  to   space 3072K, 0% used [0x00000000e6a00000,0x00000000e6a00000,0x00000000e6d00000)
 ParOldGen       total 54784K, used 2590K [0x00000000b0000000, 0x00000000b3580000, 0x00000000e5580000)
  object space 54784K, 4% used [0x00000000b0000000,0x00000000b02878b8,0x00000000b3580000)
 Metaspace       used 16763K, capacity 17900K, committed 18176K, reserved 1064960K
  class space    used 2522K, capacity 2759K, committed 2816K, reserved 1048576K
}
Event: 54.384 GC heap before
{Heap before GC invocations=3 (full 0):
 PSYoungGen      total 24064K, used 24048K [0x00000000e5580000, 0x00000000e8480000, 0x0000000100000000)
  eden space 20992K, 100% used [0x00000000e5580000,0x00000000e6a00000,0x00000000e6a00000)
  from space 3072K, 99% used [0x00000000e6d00000,0x00000000e6ffc030,0x00000000e7000000)
  to   space 3072K, 0% used [0x00000000e6a00000,0x00000000e6a00000,0x00000000e6d00000)
 ParOldGen       total 54784K, used 2590K [0x00000000b0000000, 0x00000000b3580000, 0x00000000e5580000)
  object space 54784K, 4% used [0x00000000b0000000,0x00000000b02878b8,0x00000000b3580000)
 Metaspace       used 19469K, capacity 20908K, committed 21120K, reserved 1067008K
  class space    used 2844K, capacity 3130K, committed 3200K, reserved 1048576K
Event: 54.405 GC heap after
Heap after GC invocations=3 (full 0):
 PSYoungGen      total 24064K, used 3040K [0x00000000e5580000, 0x00000000e7000000, 0x0000000100000000)
  eden space 20992K, 0% used [0x00000000e5580000,0x00000000e5580000,0x00000000e6a00000)
  from space 3072K, 98% used [0x00000000e6a00000,0x00000000e6cf8020,0x00000000e6d00000)
  to   space 3072K, 0% used [0x00000000e6d00000,0x00000000e6d00000,0x00000000e7000000)
 ParOldGen       total 54784K, used 6134K [0x00000000b0000000, 0x00000000b3580000, 0x00000000e5580000)
  object space 54784K, 11% used [0x00000000b0000000,0x00000000b05fd8d8,0x00000000b3580000)
 Metaspace       used 19469K, capacity 20908K, committed 21120K, reserved 1067008K
  class space    used 2844K, capacity 3130K, committed 3200K, reserved 1048576K
}
Event: 65.239 GC heap before
{Heap before GC invocations=4 (full 0):
 PSYoungGen      total 24064K, used 9286K [0x00000000e5580000, 0x00000000e7000000, 0x0000000100000000)
  eden space 20992K, 29% used [0x00000000e5580000,0x00000000e5b999b8,0x00000000e6a00000)
  from space 3072K, 98% used [0x00000000e6a00000,0x00000000e6cf8020,0x00000000e6d00000)
  to   space 3072K, 0% used [0x00000000e6d00000,0x00000000e6d00000,0x00000000e7000000)
 ParOldGen       total 54784K, used 6134K [0x00000000b0000000, 0x00000000b3580000, 0x00000000e5580000)
  object space 54784K, 11% used [0x00000000b0000000,0x00000000b05fd8d8,0x00000000b3580000)
 Metaspace       used 19769K, capacity 21184K, committed 21296K, reserved 1067008K
  class space    used 2853K, capacity 3132K, committed 3200K, reserved 1048576K
Event: 65.267 GC heap after
Heap after GC invocations=4 (full 0):
 PSYoungGen      total 24064K, used 3056K [0x00000000e5580000, 0x00000000e7000000, 0x0000000100000000)
  eden space 20992K, 0% used [0x00000000e5580000,0x00000000e5580000,0x00000000e6a00000)
  from space 3072K, 99% used [0x00000000e6d00000,0x00000000e6ffc030,0x00000000e7000000)
  to   space 3072K, 0% used [0x00000000e6a00000,0x00000000e6a00000,0x00000000e6d00000)
 ParOldGen       total 54784K, used 7000K [0x00000000b0000000, 0x00000000b3580000, 0x00000000e5580000)
  object space 54784K, 12% used [0x00000000b0000000,0x00000000b06d6188,0x00000000b3580000)
 Metaspace       used 19769K, capacity 21184K, committed 21296K, reserved 1067008K
  class space    used 2853K, capacity 3132K, committed 3200K, reserved 1048576K
}
Event: 65.267 GC heap before
{Heap before GC invocations=5 (full 1):
 PSYoungGen      total 24064K, used 3056K [0x00000000e5580000, 0x00000000e7000000, 0x0000000100000000)
  eden space 20992K, 0% used [0x00000000e5580000,0x00000000e5580000,0x00000000e6a00000)
  from space 3072K, 99% used [0x00000000e6d00000,0x00000000e6ffc030,0x00000000e7000000)
  to   space 3072K, 0% used [0x00000000e6a00000,0x00000000e6a00000,0x00000000e6d00000)
 ParOldGen       total 54784K, used 7000K [0x00000000b0000000, 0x00000000b3580000, 0x00000000e5580000)
  object space 54784K, 12% used [0x00000000b0000000,0x00000000b06d6188,0x00000000b3580000)
 Metaspace       used 19769K, capacity 21184K, committed 21296K, reserved 1067008K
  class space    used 2853K, capacity 3132K, committed 3200K, reserved 1048576K
Event: 65.340 GC heap after
Heap after GC invocations=5 (full 1):
 PSYoungGen      total 24064K, used 0K [0x00000000e5580000, 0x00000000e7000000, 0x0000000100000000)
  eden space 20992K, 0% used [0x00000000e5580000,0x00000000e5580000,0x00000000e6a00000)
  from space 3072K, 0% used [0x00000000e6d00000,0x00000000e6d00000,0x00000000e7000000)
  to   space 3072K, 0% used [0x00000000e6a00000,0x00000000e6a00000,0x00000000e6d00000)
 ParOldGen       total 34304K, used 8801K [0x00000000b0000000, 0x00000000b2180000, 0x00000000e5580000)
  object space 34304K, 25% used [0x00000000b0000000,0x00000000b0898640,0x00000000b2180000)
 Metaspace       used 19769K, capacity 21184K, committed 21296K, reserved 1067008K
  class space    used 2853K, capacity 3132K, committed 3200K, reserved 1048576K
}

