# JRE version: Java(TM) SE Runtime Environment (8.0_05-b13) (build 1.8.0_05-b13)
# Java VM: Java HotSpot(TM) 64-Bit Server VM (25.5-b02 mixed mode windows-amd64 compressed oops)
Heap:
 PSYoungGen      total 9728K, used 6068K [0x00000000eab00000, 0x00000000ebb00000, 0x0000000100000000)
  eden space 7680K, 56% used [0x00000000eab00000,0x00000000eaf35068,0x00000000eb280000)
  from space 2048K, 85% used [0x00000000eb280000,0x00000000eb438000,0x00000000eb480000)
  to   space 2048K, 0% used [0x00000000eb900000,0x00000000eb900000,0x00000000ebb00000)
 ParOldGen       total 64000K, used 1876K [0x00000000c0000000, 0x00000000c3e80000, 0x00000000eab00000)
  object space 64000K, 2% used [0x00000000c0000000,0x00000000c01d5340,0x00000000c3e80000)
 Metaspace       used 12548K, capacity 12688K, committed 13056K, reserved 1060864K
  class space    used 1903K, capacity 1947K, committed 2048K, reserved 1048576K
GC Heap History (10 events):
Event: 0.504 GC heap before
{Heap before GC invocations=5 (full 0):
 PSYoungGen      total 2560K, used 2527K [0x00000000eab00000, 0x00000000eae00000, 0x0000000100000000)
  eden space 2048K, 99% used [0x00000000eab00000,0x00000000eacfff60,0x00000000ead00000)
  from space 512K, 93% used [0x00000000ead80000,0x00000000eadf8020,0x00000000eae00000)
  to   space 512K, 0% used [0x00000000ead00000,0x00000000ead00000,0x00000000ead80000)
 ParOldGen       total 64000K, used 269K [0x00000000c0000000, 0x00000000c3e80000, 0x00000000eab00000)
  object space 64000K, 0% used [0x00000000c0000000,0x00000000c0043428,0x00000000c3e80000)
 Metaspace       used 5208K, capacity 6216K, committed 6272K, reserved 1056768K
  class space    used 616K, capacity 624K, committed 640K, reserved 1048576K
Event: 0.506 GC heap after
Heap after GC invocations=5 (full 0):
 PSYoungGen      total 2560K, used 480K [0x00000000eab00000, 0x00000000eb100000, 0x0000000100000000)
  eden space 2048K, 0% used [0x00000000eab00000,0x00000000eab00000,0x00000000ead00000)
  from space 512K, 93% used [0x00000000ead00000,0x00000000ead78030,0x00000000ead80000)
  to   space 1024K, 0% used [0x00000000eb000000,0x00000000eb000000,0x00000000eb100000)
 ParOldGen       total 64000K, used 881K [0x00000000c0000000, 0x00000000c3e80000, 0x00000000eab00000)
  object space 64000K, 1% used [0x00000000c0000000,0x00000000c00dc7f0,0x00000000c3e80000)
 Metaspace       used 5208K, capacity 6216K, committed 6272K, reserved 1056768K
  class space    used 616K, capacity 624K, committed 640K, reserved 1048576K
}
Event: 0.583 GC heap before
{Heap before GC invocations=6 (full 0):
 PSYoungGen      total 2560K, used 2490K [0x00000000eab00000, 0x00000000eb100000, 0x0000000100000000)
  eden space 2048K, 98% used [0x00000000eab00000,0x00000000eacf6b50,0x00000000ead00000)
  from space 512K, 93% used [0x00000000ead00000,0x00000000ead78030,0x00000000ead80000)
  to   space 1024K, 0% used [0x00000000eb000000,0x00000000eb000000,0x00000000eb100000)
 ParOldGen       total 64000K, used 881K [0x00000000c0000000, 0x00000000c3e80000, 0x00000000eab00000)
  object space 64000K, 1% used [0x00000000c0000000,0x00000000c00dc7f0,0x00000000c3e80000)
 Metaspace       used 6765K, capacity 7114K, committed 7296K, reserved 1056768K
  class space    used 847K, capacity 882K, committed 896K, reserved 1048576K
Event: 0.585 GC heap after
Heap after GC invocations=6 (full 0):
 PSYoungGen      total 5120K, used 720K [0x00000000eab00000, 0x00000000eb100000, 0x0000000100000000)
  eden space 4096K, 0% used [0x00000000eab00000,0x00000000eab00000,0x00000000eaf00000)
  from space 1024K, 70% used [0x00000000eb000000,0x00000000eb0b4020,0x00000000eb100000)
  to   space 1024K, 0% used [0x00000000eaf00000,0x00000000eaf00000,0x00000000eb000000)
 ParOldGen       total 64000K, used 889K [0x00000000c0000000, 0x00000000c3e80000, 0x00000000eab00000)
  object space 64000K, 1% used [0x00000000c0000000,0x00000000c00de7f0,0x00000000c3e80000)
 Metaspace       used 6765K, capacity 7114K, committed 7296K, reserved 1056768K
  class space    used 847K, capacity 882K, committed 896K, reserved 1048576K
}
Event: 0.687 GC heap before
{Heap before GC invocations=7 (full 0):
 PSYoungGen      total 5120K, used 4789K [0x00000000eab00000, 0x00000000eb100000, 0x0000000100000000)
  eden space 4096K, 99% used [0x00000000eab00000,0x00000000eaef96e8,0x00000000eaf00000)
  from space 1024K, 70% used [0x00000000eb000000,0x00000000eb0b4020,0x00000000eb100000)
  to   space 1024K, 0% used [0x00000000eaf00000,0x00000000eaf00000,0x00000000eb000000)
 ParOldGen       total 64000K, used 889K [0x00000000c0000000, 0x00000000c3e80000, 0x00000000eab00000)
  object space 64000K, 1% used [0x00000000c0000000,0x00000000c00de7f0,0x00000000c3e80000)
 Metaspace       used 8132K, capacity 8434K, committed 8576K, reserved 1056768K
  class space    used 1051K, capacity 1110K, committed 1152K, reserved 1048576K
Event: 0.691 GC heap after
Heap after GC invocations=7 (full 0):
 PSYoungGen      total 5120K, used 992K [0x00000000eab00000, 0x00000000eb600000, 0x0000000100000000)
  eden space 4096K, 0% used [0x00000000eab00000,0x00000000eab00000,0x00000000eaf00000)
  from space 1024K, 96% used [0x00000000eaf00000,0x00000000eaff8040,0x00000000eb000000)
  to   space 1536K, 0% used [0x00000000eb480000,0x00000000eb480000,0x00000000eb600000)
 ParOldGen       total 64000K, used 1412K [0x00000000c0000000, 0x00000000c3e80000, 0x00000000eab00000)
  object space 64000K, 2% used [0x00000000c0000000,0x00000000c0161138,0x00000000c3e80000)
 Metaspace       used 8132K, capacity 8434K, committed 8576K, reserved 1056768K
  class space    used 1051K, capacity 1110K, committed 1152K, reserved 1048576K
}
Event: 0.787 GC heap before
{Heap before GC invocations=8 (full 0):
 PSYoungGen      total 5120K, used 5088K [0x00000000eab00000, 0x00000000eb600000, 0x0000000100000000)
  eden space 4096K, 100% used [0x00000000eab00000,0x00000000eaf00000,0x00000000eaf00000)
  from space 1024K, 96% used [0x00000000eaf00000,0x00000000eaff8040,0x00000000eb000000)
  to   space 1536K, 0% used [0x00000000eb480000,0x00000000eb480000,0x00000000eb600000)
 ParOldGen       total 64000K, used 1412K [0x00000000c0000000, 0x00000000c3e80000, 0x00000000eab00000)
  object space 64000K, 2% used [0x00000000c0000000,0x00000000c0161138,0x00000000c3e80000)
 Metaspace       used 9153K, capacity 9336K, committed 9472K, reserved 1056768K
  class space    used 1208K, capacity 1239K, committed 1280K, reserved 1048576K
Event: 0.791 GC heap after
Heap after GC invocations=8 (full 0):
 PSYoungGen      total 9216K, used 1488K [0x00000000eab00000, 0x00000000eb700000, 0x0000000100000000)
  eden space 7680K, 0% used [0x00000000eab00000,0x00000000eab00000,0x00000000eb280000)
  from space 1536K, 96% used [0x00000000eb480000,0x00000000eb5f4020,0x00000000eb600000)
  to   space 2048K, 0% used [0x00000000eb280000,0x00000000eb280000,0x00000000eb480000)
 ParOldGen       total 64000K, used 1596K [0x00000000c0000000, 0x00000000c3e80000, 0x00000000eab00000)
  object space 64000K, 2% used [0x00000000c0000000,0x00000000c018f148,0x00000000c3e80000)
 Metaspace       used 9153K, capacity 9336K, committed 9472K, reserved 1056768K
  class space    used 1208K, capacity 1239K, committed 1280K, reserved 1048576K
}
Event: 1.175 GC heap before
{Heap before GC invocations=9 (full 0):
 PSYoungGen      total 9216K, used 9168K [0x00000000eab00000, 0x00000000eb700000, 0x0000000100000000)
  eden space 7680K, 100% used [0x00000000eab00000,0x00000000eb280000,0x00000000eb280000)
  from space 1536K, 96% used [0x00000000eb480000,0x00000000eb5f4020,0x00000000eb600000)
  to   space 2048K, 0% used [0x00000000eb280000,0x00000000eb280000,0x00000000eb480000)
 ParOldGen       total 64000K, used 1596K [0x00000000c0000000, 0x00000000c3e80000, 0x00000000eab00000)
  object space 64000K, 2% used [0x00000000c0000000,0x00000000c018f148,0x00000000c3e80000)
 Metaspace       used 10759K, capacity 10896K, committed 11136K, reserved 1058816K
  class space    used 1513K, capacity 1563K, committed 1664K, reserved 1048576K
Event: 1.179 GC heap after
Heap after GC invocations=9 (full 0):
 PSYoungGen      total 9728K, used 1760K [0x00000000eab00000, 0x00000000ebb00000, 0x0000000100000000)
  eden space 7680K, 0% used [0x00000000eab00000,0x00000000eab00000,0x00000000eb280000)
  from space 2048K, 85% used [0x00000000eb280000,0x00000000eb438000,0x00000000eb480000)
  to   space 2048K, 0% used [0x00000000eb900000,0x00000000eb900000,0x00000000ebb00000)
 ParOldGen       total 64000K, used 1876K [0x00000000c0000000, 0x00000000c3e80000, 0x00000000eab00000)
  object space 64000K, 2% used [0x00000000c0000000,0x00000000c01d5340,0x00000000c3e80000)
 Metaspace       used 10759K, capacity 10896K, committed 11136K, reserved 1058816K
  class space    used 1513K, capacity 1563K, committed 1664K, reserved 1048576K
}

