# JRE version: Java(TM) SE Runtime Environment (8.0_45-b14) (build 1.8.0_45-b14)
# Java VM: Java HotSpot(TM) 64-Bit Server VM (25.45-b02 mixed mode windows-amd64 compressed oops)
Heap:
 PSYoungGen      total 24064K, used 17042K [0x00000000e5580000, 0x00000000e8480000, 0x0000000100000000)
  eden space 20992K, 81% used [0x00000000e5580000,0x00000000e6624998,0x00000000e6a00000)
  from space 3072K, 0% used [0x00000000e6a00000,0x00000000e6a00000,0x00000000e6d00000)
  to   space 3072K, 0% used [0x00000000e8180000,0x00000000e8180000,0x00000000e8480000)
 ParOldGen       total 45056K, used 8926K [0x00000000b0000000, 0x00000000b2c00000, 0x00000000e5580000)
  object space 45056K, 19% used [0x00000000b0000000,0x00000000b08b79b0,0x00000000b2c00000)
 Metaspace       used 23803K, capacity 25196K, committed 25472K, reserved 1071104K
  class space    used 3323K, capacity 3585K, committed 3712K, reserved 1048576K
GC Heap History (8 events):
Event: 1.567 GC heap before
{Heap before GC invocations=1 (full 0):
 PSYoungGen      total 24064K, used 20992K [0x00000000e5580000, 0x00000000e7000000, 0x0000000100000000)
  eden space 20992K, 100% used [0x00000000e5580000,0x00000000e6a00000,0x00000000e6a00000)
  from space 3072K, 0% used [0x00000000e6d00000,0x00000000e6d00000,0x00000000e7000000)
  to   space 3072K, 0% used [0x00000000e6a00000,0x00000000e6a00000,0x00000000e6d00000)
 ParOldGen       total 54784K, used 0K [0x00000000b0000000, 0x00000000b3580000, 0x00000000e5580000)
  object space 54784K, 0% used [0x00000000b0000000,0x00000000b0000000,0x00000000b3580000)
 Metaspace       used 10548K, capacity 10956K, committed 11008K, reserved 1058816K
  class space    used 1379K, capacity 1503K, committed 1536K, reserved 1048576K
Event: 1.580 GC heap after
Heap after GC invocations=1 (full 0):
 PSYoungGen      total 24064K, used 3056K [0x00000000e5580000, 0x00000000e7000000, 0x0000000100000000)
  eden space 20992K, 0% used [0x00000000e5580000,0x00000000e5580000,0x00000000e6a00000)
  from space 3072K, 99% used [0x00000000e6a00000,0x00000000e6cfc030,0x00000000e6d00000)
  to   space 3072K, 0% used [0x00000000e6d00000,0x00000000e6d00000,0x00000000e7000000)
 ParOldGen       total 54784K, used 264K [0x00000000b0000000, 0x00000000b3580000, 0x00000000e5580000)
  object space 54784K, 0% used [0x00000000b0000000,0x00000000b00423a0,0x00000000b3580000)
 Metaspace       used 10548K, capacity 10956K, committed 11008K, reserved 1058816K
  class space    used 1379K, capacity 1503K, committed 1536K, reserved 1048576K
}
Event: 2.931 GC heap before
{Heap before GC invocations=2 (full 0):
 PSYoungGen      total 24064K, used 24048K [0x00000000e5580000, 0x00000000e7000000, 0x0000000100000000)
  eden space 20992K, 100% used [0x00000000e5580000,0x00000000e6a00000,0x00000000e6a00000)
  from space 3072K, 99% used [0x00000000e6a00000,0x00000000e6cfc030,0x00000000e6d00000)
  to   space 3072K, 0% used [0x00000000e6d00000,0x00000000e6d00000,0x00000000e7000000)
 ParOldGen       total 54784K, used 264K [0x00000000b0000000, 0x00000000b3580000, 0x00000000e5580000)
  object space 54784K, 0% used [0x00000000b0000000,0x00000000b00423a0,0x00000000b3580000)
 Metaspace       used 16425K, capacity 17580K, committed 17920K, reserved 1064960K
  class space    used 2486K, capacity 2698K, committed 2816K, reserved 1048576K
Event: 2.959 GC heap after
Heap after GC invocations=2 (full 0):
 PSYoungGen      total 24064K, used 3056K [0x00000000e5580000, 0x00000000e8480000, 0x0000000100000000)
  eden space 20992K, 0% used [0x00000000e5580000,0x00000000e5580000,0x00000000e6a00000)
  from space 3072K, 99% used [0x00000000e6d00000,0x00000000e6ffc030,0x00000000e7000000)
  to   space 3072K, 0% used [0x00000000e6a00000,0x00000000e6a00000,0x00000000e6d00000)
 ParOldGen       total 54784K, used 2533K [0x00000000b0000000, 0x00000000b3580000, 0x00000000e5580000)
  object space 54784K, 4% used [0x00000000b0000000,0x00000000b0279468,0x00000000b3580000)
 Metaspace       used 16425K, capacity 17580K, committed 17920K, reserved 1064960K
  class space    used 2486K, capacity 2698K, committed 2816K, reserved 1048576K
}
Event: 10.543 GC heap before
{Heap before GC invocations=3 (full 0):
 PSYoungGen      total 24064K, used 18213K [0x00000000e5580000, 0x00000000e8480000, 0x0000000100000000)
  eden space 20992K, 72% used [0x00000000e5580000,0x00000000e644d660,0x00000000e6a00000)
  from space 3072K, 99% used [0x00000000e6d00000,0x00000000e6ffc030,0x00000000e7000000)
  to   space 3072K, 0% used [0x00000000e6a00000,0x00000000e6a00000,0x00000000e6d00000)
 ParOldGen       total 54784K, used 2533K [0x00000000b0000000, 0x00000000b3580000, 0x00000000e5580000)
  object space 54784K, 4% used [0x00000000b0000000,0x00000000b0279468,0x00000000b3580000)
 Metaspace       used 19800K, capacity 21214K, committed 21296K, reserved 1067008K
  class space    used 2901K, capacity 3180K, committed 3200K, reserved 1048576K
Event: 10.566 GC heap after
Heap after GC invocations=3 (full 0):
 PSYoungGen      total 24064K, used 3040K [0x00000000e5580000, 0x00000000e8480000, 0x0000000100000000)
  eden space 20992K, 0% used [0x00000000e5580000,0x00000000e5580000,0x00000000e6a00000)
  from space 3072K, 98% used [0x00000000e6a00000,0x00000000e6cf8020,0x00000000e6d00000)
  to   space 3072K, 0% used [0x00000000e8180000,0x00000000e8180000,0x00000000e8480000)
 ParOldGen       total 54784K, used 6157K [0x00000000b0000000, 0x00000000b3580000, 0x00000000e5580000)
  object space 54784K, 11% used [0x00000000b0000000,0x00000000b0603568,0x00000000b3580000)
 Metaspace       used 19800K, capacity 21214K, committed 21296K, reserved 1067008K
  class space    used 2901K, capacity 3180K, committed 3200K, reserved 1048576K
}
Event: 10.566 GC heap before
{Heap before GC invocations=4 (full 1):
 PSYoungGen      total 24064K, used 3040K [0x00000000e5580000, 0x00000000e8480000, 0x0000000100000000)
  eden space 20992K, 0% used [0x00000000e5580000,0x00000000e5580000,0x00000000e6a00000)
  from space 3072K, 98% used [0x00000000e6a00000,0x00000000e6cf8020,0x00000000e6d00000)
  to   space 3072K, 0% used [0x00000000e8180000,0x00000000e8180000,0x00000000e8480000)
 ParOldGen       total 54784K, used 6157K [0x00000000b0000000, 0x00000000b3580000, 0x00000000e5580000)
  object space 54784K, 11% used [0x00000000b0000000,0x00000000b0603568,0x00000000b3580000)
 Metaspace       used 19800K, capacity 21214K, committed 21296K, reserved 1067008K
  class space    used 2901K, capacity 3180K, committed 3200K, reserved 1048576K
Event: 10.667 GC heap after
Heap after GC invocations=4 (full 1):
 PSYoungGen      total 24064K, used 0K [0x00000000e5580000, 0x00000000e8480000, 0x0000000100000000)
  eden space 20992K, 0% used [0x00000000e5580000,0x00000000e5580000,0x00000000e6a00000)
  from space 3072K, 0% used [0x00000000e6a00000,0x00000000e6a00000,0x00000000e6d00000)
  to   space 3072K, 0% used [0x00000000e8180000,0x00000000e8180000,0x00000000e8480000)
 ParOldGen       total 45056K, used 8926K [0x00000000b0000000, 0x00000000b2c00000, 0x00000000e5580000)
  object space 45056K, 19% used [0x00000000b0000000,0x00000000b08b79b0,0x00000000b2c00000)
 Metaspace       used 19800K, capacity 21214K, committed 21296K, reserved 1067008K
  class space    used 2901K, capacity 3180K, committed 3200K, reserved 1048576K
}

