# JRE version: Java(TM) SE Runtime Environment (8.0_45-b14) (build 1.8.0_45-b14)
# Java VM: Java HotSpot(TM) 64-Bit Server VM (25.45-b02 mixed mode windows-amd64 compressed oops)
Heap:
 PSYoungGen      total 45056K, used 11328K [0x00000000e5580000, 0x00000000e8480000, 0x0000000100000000)
  eden space 41984K, 19% used [0x00000000e5580000,0x00000000e5d94160,0x00000000e7e80000)
  from space 3072K, 99% used [0x00000000e8180000,0x00000000e847c050,0x00000000e8480000)
  to   space 3072K, 0% used [0x00000000e7e80000,0x00000000e7e80000,0x00000000e8180000)
 ParOldGen       total 54784K, used 2642K [0x00000000b0000000, 0x00000000b3580000, 0x00000000e5580000)
  object space 54784K, 4% used [0x00000000b0000000,0x00000000b0294848,0x00000000b3580000)
 Metaspace       used 17988K, capacity 19310K, committed 19456K, reserved 1064960K
  class space    used 2706K, capacity 2956K, committed 3072K, reserved 1048576K
GC Heap History (4 events):
Event: 1.191 GC heap before
{Heap before GC invocations=1 (full 0):
 PSYoungGen      total 24064K, used 20992K [0x00000000e5580000, 0x00000000e7000000, 0x0000000100000000)
  eden space 20992K, 100% used [0x00000000e5580000,0x00000000e6a00000,0x00000000e6a00000)
  from space 3072K, 0% used [0x00000000e6d00000,0x00000000e6d00000,0x00000000e7000000)
  to   space 3072K, 0% used [0x00000000e6a00000,0x00000000e6a00000,0x00000000e6d00000)
 ParOldGen       total 54784K, used 0K [0x00000000b0000000, 0x00000000b3580000, 0x00000000e5580000)
  object space 54784K, 0% used [0x00000000b0000000,0x00000000b0000000,0x00000000b3580000)
 Metaspace       used 10811K, capacity 11256K, committed 11264K, reserved 1058816K
  class space    used 1430K, capacity 1535K, committed 1536K, reserved 1048576K
Event: 1.205 GC heap after
Heap after GC invocations=1 (full 0):
 PSYoungGen      total 24064K, used 3056K [0x00000000e5580000, 0x00000000e8480000, 0x0000000100000000)
  eden space 20992K, 0% used [0x00000000e5580000,0x00000000e5580000,0x00000000e6a00000)
  from space 3072K, 99% used [0x00000000e6a00000,0x00000000e6cfc040,0x00000000e6d00000)
  to   space 3072K, 0% used [0x00000000e8180000,0x00000000e8180000,0x00000000e8480000)
 ParOldGen       total 54784K, used 342K [0x00000000b0000000, 0x00000000b3580000, 0x00000000e5580000)
  object space 54784K, 0% used [0x00000000b0000000,0x00000000b0055be0,0x00000000b3580000)
 Metaspace       used 10811K, capacity 11256K, committed 11264K, reserved 1058816K
  class space    used 1430K, capacity 1535K, committed 1536K, reserved 1048576K
}
Event: 2.601 GC heap before
{Heap before GC invocations=2 (full 0):
 PSYoungGen      total 24064K, used 24048K [0x00000000e5580000, 0x00000000e8480000, 0x0000000100000000)
  eden space 20992K, 100% used [0x00000000e5580000,0x00000000e6a00000,0x00000000e6a00000)
  from space 3072K, 99% used [0x00000000e6a00000,0x00000000e6cfc040,0x00000000e6d00000)
  to   space 3072K, 0% used [0x00000000e8180000,0x00000000e8180000,0x00000000e8480000)
 ParOldGen       total 54784K, used 342K [0x00000000b0000000, 0x00000000b3580000, 0x00000000e5580000)
  object space 54784K, 0% used [0x00000000b0000000,0x00000000b0055be0,0x00000000b3580000)
 Metaspace       used 16737K, capacity 17880K, committed 18176K, reserved 1064960K
  class space    used 2520K, capacity 2729K, committed 2816K, reserved 1048576K
Event: 2.624 GC heap after
Heap after GC invocations=2 (full 0):
 PSYoungGen      total 45056K, used 3056K [0x00000000e5580000, 0x00000000e8480000, 0x0000000100000000)
  eden space 41984K, 0% used [0x00000000e5580000,0x00000000e5580000,0x00000000e7e80000)
  from space 3072K, 99% used [0x00000000e8180000,0x00000000e847c050,0x00000000e8480000)
  to   space 3072K, 0% used [0x00000000e7e80000,0x00000000e7e80000,0x00000000e8180000)
 ParOldGen       total 54784K, used 2642K [0x00000000b0000000, 0x00000000b3580000, 0x00000000e5580000)
  object space 54784K, 4% used [0x00000000b0000000,0x00000000b0294848,0x00000000b3580000)
 Metaspace       used 16737K, capacity 17880K, committed 18176K, reserved 1064960K
  class space    used 2520K, capacity 2729K, committed 2816K, reserved 1048576K
}

